[lk.script-on.ru/temp/1531307739/index.html]
[backblue.gif]
[fade.gif]
[index.html]
[lk.script-on.ru/temp/1531307739/design/style.css]
[lk.script-on.ru/temp/1531307739/design/jquery.js]
[lk.script-on.ru/temp/1531307739/design/jquery.cookie.js]
[lk.script-on.ru/temp/1531307739/design/Gzi7HY4Rk77dYGizHh7e.png]
[lk.script-on.ru/temp/1531307739/359478.html]
[lk.script-on.ru/temp/1531307739/359479.html]
[lk.script-on.ru/temp/1531307739/359480.html]
[lk.script-on.ru/temp/1531307739/359481.html]
[lk.script-on.ru/temp/1531307739/359482.html]
[lk.script-on.ru/temp/1531307739/359483.html]
[lk.script-on.ru/temp/1531307739/359484.html]
[lk.script-on.ru/temp/1531307739/359485.html]
[lk.script-on.ru/temp/1531307739/359486.html]
[lk.script-on.ru/temp/1531307739/359487.html]
[lk.script-on.ru/temp/1531307739/359488.html]
[lk.script-on.ru/temp/1531307739/359489.html]
[lk.script-on.ru/temp/1531307739/359490.html]
[lk.script-on.ru/temp/1531307739/359491.html]
[lk.script-on.ru/temp/1531307739/359492.html]
[lk.script-on.ru/temp/1531307739/359493.html]
[lk.script-on.ru/temp/1531307739/359494.html]
[lk.script-on.ru/temp/1531307739/359495.html]
[lk.script-on.ru/temp/1531307739/359496.html]
[lk.script-on.ru/temp/1531307739/359499.html]
[lk.script-on.ru/temp/1531307739/359500.html]
[lk.script-on.ru/temp/1531307739/359501.html]
[lk.script-on.ru/temp/1531307739/359502.html]
[lk.script-on.ru/temp/1531307739/359503.html]
[lk.script-on.ru/temp/1531307739/359504.html]
[lk.script-on.ru/temp/1531307739/359505.html]
[lk.script-on.ru/temp/1531307739/359509.html]
[lk.script-on.ru/temp/1531307739/359510.html]
[lk.script-on.ru/temp/1531307739/359511.html]
[lk.script-on.ru/temp/1531307739/359587.html]
[lk.script-on.ru/temp/1531307739/359676.html]
[lk.script-on.ru/temp/1531307739/359793.html]
[lk.script-on.ru/temp/1531307739/359794.html]
[lk.script-on.ru/temp/1531307739/index.html]
[lk.script-on.ru/temp/1531307739/design/style.css]
[lk.script-on.ru/temp/1531307739/design/jquery.js]
[lk.script-on.ru/temp/1531307739/design/jquery.cookie.js]
[lk.script-on.ru/temp/1531307739/359478.html]
[lk.script-on.ru/temp/1531307739/359479.html]
[lk.script-on.ru/temp/1531307739/359480.html]
[lk.script-on.ru/temp/1531307739/359481.html]
[lk.script-on.ru/temp/1531307739/359482.html]
[lk.script-on.ru/temp/1531307739/359483.html]
[lk.script-on.ru/temp/1531307739/359484.html]
[lk.script-on.ru/temp/1531307739/359485.html]
[lk.script-on.ru/temp/1531307739/359486.html]
[lk.script-on.ru/temp/1531307739/359487.html]
[lk.script-on.ru/temp/1531307739/359488.html]
[lk.script-on.ru/temp/1531307739/359489.html]
[lk.script-on.ru/temp/1531307739/359490.html]
[lk.script-on.ru/temp/1531307739/359491.html]
[lk.script-on.ru/temp/1531307739/359492.html]
[lk.script-on.ru/temp/1531307739/359493.html]
[lk.script-on.ru/temp/1531307739/359494.html]
[lk.script-on.ru/temp/1531307739/359495.html]
[lk.script-on.ru/temp/1531307739/359496.html]
[lk.script-on.ru/temp/1531307739/359499.html]
[lk.script-on.ru/temp/1531307739/359500.html]
[lk.script-on.ru/temp/1531307739/359501.html]
[lk.script-on.ru/temp/1531307739/359502.html]
[lk.script-on.ru/temp/1531307739/359503.html]
[lk.script-on.ru/temp/1531307739/359504.html]
[lk.script-on.ru/temp/1531307739/359505.html]
[lk.script-on.ru/temp/1531307739/359509.html]
[lk.script-on.ru/temp/1531307739/359510.html]
[lk.script-on.ru/temp/1531307739/359511.html]
[lk.script-on.ru/temp/1531307739/359587.html]
[lk.script-on.ru/temp/1531307739/359676.html]
[lk.script-on.ru/temp/1531307739/359793.html]
[lk.script-on.ru/temp/1531307739/359794.html]
[lk.script-on.ru/temp/1531307739/359795.html]
[lk.script-on.ru/temp/1531307739/359795.html]
